<?xml version="1.0" encoding="UTF-8"?>
<testsuite name="org.example.UserDaoTest" tests="1" skipped="0" failures="0" errors="0" timestamp="2025-01-06T12:13:54" hostname="DESKTOP-3S369VO" time="0.522">
  <properties/>
  <testcase name="createTest()" classname="org.example.UserDaoTest" time="0.522"/>
  <system-out><![CDATA[21:13:54,850 |-INFO in ch.qos.logback.classic.LoggerContext[default] - Could NOT find resource [logback-test.xml]
21:13:54,850 |-INFO in ch.qos.logback.classic.LoggerContext[default] - Found resource [logback.xml] at [file:/D:/workspace/jdbc-practice/build/resources/main/logback.xml]
21:13:54,892 |-INFO in ch.qos.logback.classic.joran.action.ConfigurationAction - debug attribute not set
21:13:54,892 |-INFO in ch.qos.logback.core.joran.action.AppenderAction - About to instantiate appender of type [ch.qos.logback.core.ConsoleAppender]
21:13:54,892 |-INFO in ch.qos.logback.core.joran.action.AppenderAction - Naming appender as [STDOUT]
21:13:54,910 |-WARN in ch.qos.logback.core.ConsoleAppender[STDOUT] - This appender no longer admits a layout as a sub-component, set an encoder instead.
21:13:54,910 |-WARN in ch.qos.logback.core.ConsoleAppender[STDOUT] - To ensure compatibility, wrapping your layout in LayoutWrappingEncoder.
21:13:54,910 |-WARN in ch.qos.logback.core.ConsoleAppender[STDOUT] - See also http://logback.qos.ch/codes.html#layoutInsteadOfEncoder for details
21:13:54,910 |-INFO in ch.qos.logback.classic.joran.action.LoggerAction - Setting level of logger [org.example] to DEBUG
21:13:54,910 |-INFO in ch.qos.logback.classic.joran.action.LoggerAction - Setting level of logger [com.zaxxer.hikari] to DEBUG
21:13:54,910 |-INFO in ch.qos.logback.classic.joran.action.LoggerAction - Setting level of logger [org.springframework.jdbc.datasource] to DEBUG
21:13:54,910 |-INFO in ch.qos.logback.classic.joran.action.RootLoggerAction - Setting level of ROOT logger to DEBUG
21:13:54,910 |-INFO in ch.qos.logback.core.joran.action.AppenderRefAction - Attaching appender named [STDOUT] to Logger[ROOT]
21:13:54,910 |-INFO in ch.qos.logback.classic.joran.action.ConfigurationAction - End of configuration.
21:13:54,910 |-INFO in ch.qos.logback.classic.joran.JoranConfigurator@2a3c96e3 - Registering current configuration as safe fallback point

21:13:54.930 [DEBUG] [Test worker] [com.zaxxer.hikari.HikariConfig] - Driver class org.h2.Driver found in Thread context class loader jdk.internal.loader.ClassLoaders$AppClassLoader@7aec35a
21:13:54.950 [DEBUG] [Test worker] [o.s.jdbc.datasource.DataSourceUtils] - Fetching JDBC Connection from DataSource
21:13:54.950 [DEBUG] [Test worker] [com.zaxxer.hikari.HikariConfig] - HikariPool-1 - configuration:
21:13:54.968 [DEBUG] [Test worker] [com.zaxxer.hikari.HikariConfig] - allowPoolSuspension.............false
21:13:54.968 [DEBUG] [Test worker] [com.zaxxer.hikari.HikariConfig] - autoCommit......................true
21:13:54.968 [DEBUG] [Test worker] [com.zaxxer.hikari.HikariConfig] - catalog.........................none
21:13:54.968 [DEBUG] [Test worker] [com.zaxxer.hikari.HikariConfig] - connectionInitSql...............none
21:13:54.968 [DEBUG] [Test worker] [com.zaxxer.hikari.HikariConfig] - connectionTestQuery.............none
21:13:54.968 [DEBUG] [Test worker] [com.zaxxer.hikari.HikariConfig] - connectionTimeout...............30000
21:13:54.968 [DEBUG] [Test worker] [com.zaxxer.hikari.HikariConfig] - dataSource......................none
21:13:54.968 [DEBUG] [Test worker] [com.zaxxer.hikari.HikariConfig] - dataSourceClassName.............none
21:13:54.968 [DEBUG] [Test worker] [com.zaxxer.hikari.HikariConfig] - dataSourceJNDI..................none
21:13:54.968 [DEBUG] [Test worker] [com.zaxxer.hikari.HikariConfig] - dataSourceProperties............{password=<masked>}
21:13:54.970 [DEBUG] [Test worker] [com.zaxxer.hikari.HikariConfig] - driverClassName................."org.h2.Driver"
21:13:54.973 [DEBUG] [Test worker] [com.zaxxer.hikari.HikariConfig] - exceptionOverrideClassName......none
21:13:54.973 [DEBUG] [Test worker] [com.zaxxer.hikari.HikariConfig] - healthCheckProperties...........{}
21:13:54.973 [DEBUG] [Test worker] [com.zaxxer.hikari.HikariConfig] - healthCheckRegistry.............none
21:13:54.973 [DEBUG] [Test worker] [com.zaxxer.hikari.HikariConfig] - idleTimeout.....................600000
21:13:54.974 [DEBUG] [Test worker] [com.zaxxer.hikari.HikariConfig] - initializationFailTimeout.......1
21:13:54.974 [DEBUG] [Test worker] [com.zaxxer.hikari.HikariConfig] - isolateInternalQueries..........false
21:13:54.975 [DEBUG] [Test worker] [com.zaxxer.hikari.HikariConfig] - jdbcUrl.........................jdbc:h2:mem://localhost/~/jdbc-practice;MODE=MySQL;DB_CLOSE_DELAY=-1
21:13:54.975 [DEBUG] [Test worker] [com.zaxxer.hikari.HikariConfig] - keepaliveTime...................0
21:13:54.976 [DEBUG] [Test worker] [com.zaxxer.hikari.HikariConfig] - leakDetectionThreshold..........0
21:13:54.976 [DEBUG] [Test worker] [com.zaxxer.hikari.HikariConfig] - maxLifetime.....................1800000
21:13:54.976 [DEBUG] [Test worker] [com.zaxxer.hikari.HikariConfig] - maximumPoolSize.................40
21:13:54.976 [DEBUG] [Test worker] [com.zaxxer.hikari.HikariConfig] - metricRegistry..................none
21:13:54.976 [DEBUG] [Test worker] [com.zaxxer.hikari.HikariConfig] - metricsTrackerFactory...........none
21:13:54.976 [DEBUG] [Test worker] [com.zaxxer.hikari.HikariConfig] - minimumIdle.....................40
21:13:54.977 [DEBUG] [Test worker] [com.zaxxer.hikari.HikariConfig] - password........................<masked>
21:13:54.977 [DEBUG] [Test worker] [com.zaxxer.hikari.HikariConfig] - poolName........................"HikariPool-1"
21:13:54.977 [DEBUG] [Test worker] [com.zaxxer.hikari.HikariConfig] - readOnly........................false
21:13:54.977 [DEBUG] [Test worker] [com.zaxxer.hikari.HikariConfig] - registerMbeans..................false
21:13:54.977 [DEBUG] [Test worker] [com.zaxxer.hikari.HikariConfig] - scheduledExecutor...............none
21:13:54.977 [DEBUG] [Test worker] [com.zaxxer.hikari.HikariConfig] - schema..........................none
21:13:54.977 [DEBUG] [Test worker] [com.zaxxer.hikari.HikariConfig] - threadFactory...................internal
21:13:54.977 [DEBUG] [Test worker] [com.zaxxer.hikari.HikariConfig] - transactionIsolation............default
21:13:54.977 [DEBUG] [Test worker] [com.zaxxer.hikari.HikariConfig] - username........................"sa"
21:13:54.977 [DEBUG] [Test worker] [com.zaxxer.hikari.HikariConfig] - validationTimeout...............5000
21:13:54.980 [INFO ] [Test worker] [com.zaxxer.hikari.HikariDataSource] - HikariPool-1 - Starting...
21:13:55.230 [INFO ] [Test worker] [com.zaxxer.hikari.pool.HikariPool] - HikariPool-1 - Added connection conn0: url=jdbc:h2:mem://localhost/~/jdbc-practice user=SA
21:13:55.230 [INFO ] [Test worker] [com.zaxxer.hikari.HikariDataSource] - HikariPool-1 - Start completed.
21:13:55.230 [DEBUG] [Test worker] [o.s.jdbc.datasource.init.ScriptUtils] - Executing SQL script from class path resource [db_schema.sql]
21:13:55.244 [DEBUG] [Test worker] [o.s.jdbc.datasource.init.ScriptUtils] - 0 returned as update count for SQL: DROP TABLE IF EXISTS USERS
21:13:55.251 [DEBUG] [Test worker] [o.s.jdbc.datasource.init.ScriptUtils] - 0 returned as update count for SQL: CREATE TABLE USERS ( userId varchar(12) NOT NULL, password varchar(12) NOT NULL, name varchar(20) NOT NULL, email varchar(50), PRIMARY KEY (userId) )
21:13:55.251 [DEBUG] [Test worker] [o.s.jdbc.datasource.init.ScriptUtils] - Executed SQL script from class path resource [db_schema.sql] in 21 ms.
]]></system-out>
  <system-err><![CDATA[]]></system-err>
</testsuite>
