<?xml version="1.0" encoding="UTF-8"?>
<testsuite name="org.example.UserDaoTest" tests="1" skipped="0" failures="0" errors="0" timestamp="2024-10-04T14:06:37" hostname="DESKTOP-3S369VO" time="0.767">
  <properties/>
  <testcase name="createTest()" classname="org.example.UserDaoTest" time="0.767"/>
  <system-out><![CDATA[23:06:37,834 |-INFO in ch.qos.logback.classic.LoggerContext[default] - Could NOT find resource [logback-test.xml]
23:06:37,835 |-INFO in ch.qos.logback.classic.LoggerContext[default] - Found resource [logback.xml] at [file:/D:/workspace/jdbc-practice/build/resources/main/logback.xml]
23:06:37,902 |-INFO in ch.qos.logback.classic.joran.action.ConfigurationAction - debug attribute not set
23:06:37,903 |-INFO in ch.qos.logback.core.joran.action.AppenderAction - About to instantiate appender of type [ch.qos.logback.core.ConsoleAppender]
23:06:37,907 |-INFO in ch.qos.logback.core.joran.action.AppenderAction - Naming appender as [STDOUT]
23:06:37,938 |-WARN in ch.qos.logback.core.ConsoleAppender[STDOUT] - This appender no longer admits a layout as a sub-component, set an encoder instead.
23:06:37,938 |-WARN in ch.qos.logback.core.ConsoleAppender[STDOUT] - To ensure compatibility, wrapping your layout in LayoutWrappingEncoder.
23:06:37,938 |-WARN in ch.qos.logback.core.ConsoleAppender[STDOUT] - See also http://logback.qos.ch/codes.html#layoutInsteadOfEncoder for details
23:06:37,939 |-INFO in ch.qos.logback.classic.joran.action.LoggerAction - Setting level of logger [org.example] to DEBUG
23:06:37,940 |-INFO in ch.qos.logback.classic.joran.action.LoggerAction - Setting level of logger [com.zaxxer.hikari] to DEBUG
23:06:37,940 |-INFO in ch.qos.logback.classic.joran.action.LoggerAction - Setting level of logger [org.springframework.jdbc.datasource] to DEBUG
23:06:37,940 |-INFO in ch.qos.logback.classic.joran.action.RootLoggerAction - Setting level of ROOT logger to DEBUG
23:06:37,940 |-INFO in ch.qos.logback.core.joran.action.AppenderRefAction - Attaching appender named [STDOUT] to Logger[ROOT]
23:06:37,940 |-INFO in ch.qos.logback.classic.joran.action.ConfigurationAction - End of configuration.
23:06:37,941 |-INFO in ch.qos.logback.classic.joran.JoranConfigurator@505a9d7c - Registering current configuration as safe fallback point

23:06:37.969 [DEBUG] [Test worker] [com.zaxxer.hikari.HikariConfig] - Driver class org.h2.Driver found in Thread context class loader jdk.internal.loader.ClassLoaders$AppClassLoader@6d5380c2
23:06:37.978 [DEBUG] [Test worker] [o.s.jdbc.datasource.DataSourceUtils] - Fetching JDBC Connection from DataSource
23:06:37.980 [DEBUG] [Test worker] [com.zaxxer.hikari.HikariConfig] - HikariPool-1 - configuration:
23:06:38.014 [DEBUG] [Test worker] [com.zaxxer.hikari.HikariConfig] - allowPoolSuspension.............false
23:06:38.015 [DEBUG] [Test worker] [com.zaxxer.hikari.HikariConfig] - autoCommit......................true
23:06:38.015 [DEBUG] [Test worker] [com.zaxxer.hikari.HikariConfig] - catalog.........................none
23:06:38.015 [DEBUG] [Test worker] [com.zaxxer.hikari.HikariConfig] - connectionInitSql...............none
23:06:38.016 [DEBUG] [Test worker] [com.zaxxer.hikari.HikariConfig] - connectionTestQuery.............none
23:06:38.016 [DEBUG] [Test worker] [com.zaxxer.hikari.HikariConfig] - connectionTimeout...............30000
23:06:38.016 [DEBUG] [Test worker] [com.zaxxer.hikari.HikariConfig] - dataSource......................none
23:06:38.016 [DEBUG] [Test worker] [com.zaxxer.hikari.HikariConfig] - dataSourceClassName.............none
23:06:38.017 [DEBUG] [Test worker] [com.zaxxer.hikari.HikariConfig] - dataSourceJNDI..................none
23:06:38.018 [DEBUG] [Test worker] [com.zaxxer.hikari.HikariConfig] - dataSourceProperties............{password=<masked>}
23:06:38.026 [DEBUG] [Test worker] [com.zaxxer.hikari.HikariConfig] - driverClassName................."org.h2.Driver"
23:06:38.027 [DEBUG] [Test worker] [com.zaxxer.hikari.HikariConfig] - exceptionOverrideClassName......none
23:06:38.027 [DEBUG] [Test worker] [com.zaxxer.hikari.HikariConfig] - healthCheckProperties...........{}
23:06:38.027 [DEBUG] [Test worker] [com.zaxxer.hikari.HikariConfig] - healthCheckRegistry.............none
23:06:38.028 [DEBUG] [Test worker] [com.zaxxer.hikari.HikariConfig] - idleTimeout.....................600000
23:06:38.028 [DEBUG] [Test worker] [com.zaxxer.hikari.HikariConfig] - initializationFailTimeout.......1
23:06:38.030 [DEBUG] [Test worker] [com.zaxxer.hikari.HikariConfig] - isolateInternalQueries..........false
23:06:38.030 [DEBUG] [Test worker] [com.zaxxer.hikari.HikariConfig] - jdbcUrl.........................jdbc:h2:mem://localhost/~/jdbc-practice;MODE=MySQL;DB_CLOSE_DELAY=-1
23:06:38.031 [DEBUG] [Test worker] [com.zaxxer.hikari.HikariConfig] - keepaliveTime...................0
23:06:38.031 [DEBUG] [Test worker] [com.zaxxer.hikari.HikariConfig] - leakDetectionThreshold..........0
23:06:38.032 [DEBUG] [Test worker] [com.zaxxer.hikari.HikariConfig] - maxLifetime.....................1800000
23:06:38.032 [DEBUG] [Test worker] [com.zaxxer.hikari.HikariConfig] - maximumPoolSize.................40
23:06:38.032 [DEBUG] [Test worker] [com.zaxxer.hikari.HikariConfig] - metricRegistry..................none
23:06:38.032 [DEBUG] [Test worker] [com.zaxxer.hikari.HikariConfig] - metricsTrackerFactory...........none
23:06:38.033 [DEBUG] [Test worker] [com.zaxxer.hikari.HikariConfig] - minimumIdle.....................40
23:06:38.034 [DEBUG] [Test worker] [com.zaxxer.hikari.HikariConfig] - password........................<masked>
23:06:38.034 [DEBUG] [Test worker] [com.zaxxer.hikari.HikariConfig] - poolName........................"HikariPool-1"
23:06:38.035 [DEBUG] [Test worker] [com.zaxxer.hikari.HikariConfig] - readOnly........................false
23:06:38.035 [DEBUG] [Test worker] [com.zaxxer.hikari.HikariConfig] - registerMbeans..................false
23:06:38.035 [DEBUG] [Test worker] [com.zaxxer.hikari.HikariConfig] - scheduledExecutor...............none
23:06:38.035 [DEBUG] [Test worker] [com.zaxxer.hikari.HikariConfig] - schema..........................none
23:06:38.035 [DEBUG] [Test worker] [com.zaxxer.hikari.HikariConfig] - threadFactory...................internal
23:06:38.036 [DEBUG] [Test worker] [com.zaxxer.hikari.HikariConfig] - transactionIsolation............default
23:06:38.036 [DEBUG] [Test worker] [com.zaxxer.hikari.HikariConfig] - username........................"sa"
23:06:38.036 [DEBUG] [Test worker] [com.zaxxer.hikari.HikariConfig] - validationTimeout...............5000
23:06:38.037 [INFO ] [Test worker] [com.zaxxer.hikari.HikariDataSource] - HikariPool-1 - Starting...
23:06:38.393 [INFO ] [Test worker] [com.zaxxer.hikari.pool.HikariPool] - HikariPool-1 - Added connection conn0: url=jdbc:h2:mem://localhost/~/jdbc-practice user=SA
23:06:38.398 [INFO ] [Test worker] [com.zaxxer.hikari.HikariDataSource] - HikariPool-1 - Start completed.
23:06:38.403 [DEBUG] [Test worker] [o.s.jdbc.datasource.init.ScriptUtils] - Executing SQL script from class path resource [db_schema.sql]
23:06:38.413 [DEBUG] [Test worker] [o.s.jdbc.datasource.init.ScriptUtils] - 0 returned as update count for SQL: DROP TABLE IF EXISTS USERS
23:06:38.422 [DEBUG] [Test worker] [o.s.jdbc.datasource.init.ScriptUtils] - 0 returned as update count for SQL: CREATE TABLE USERS ( userId varchar(12) NOT NULL, password varchar(12) NOT NULL, name varchar(20) NOT NULL, email varchar(50), PRIMARY KEY (userId) )
23:06:38.422 [DEBUG] [Test worker] [o.s.jdbc.datasource.init.ScriptUtils] - Executed SQL script from class path resource [db_schema.sql] in 19 ms.
23:06:38.502 [DEBUG] [HikariPool-1 housekeeper] [com.zaxxer.hikari.pool.HikariPool] - HikariPool-1 - Pool stats (total=1, active=0, idle=1, waiting=0)
23:06:38.506 [DEBUG] [HikariPool-1 connection adder] [com.zaxxer.hikari.pool.HikariPool] - HikariPool-1 - Added connection conn1: url=jdbc:h2:mem://localhost/~/jdbc-practice user=SA
23:06:38.532 [DEBUG] [HikariPool-1 connection adder] [com.zaxxer.hikari.pool.HikariPool] - HikariPool-1 - Added connection conn2: url=jdbc:h2:mem://localhost/~/jdbc-practice user=SA
]]></system-out>
  <system-err><![CDATA[]]></system-err>
</testsuite>
